CRITICAL - 2022-09-24 09:43:43 --> Undefined offset: 0
in APPPATH/Controllers/BaseController.php on line 60.
 1 APPPATH/Controllers/BaseController.php(60): CodeIgniter\Debug\Exceptions->errorHandler(8, 'Undefined offset: 0', 'APPPATH/Controllers/BaseController.php', 60, [...])
 2 ROOTPATH/modules/Dashboard/Controllers/Dashboard.php(16): App\Controllers\BaseController->fetchMenu()
 3 SYSTEMPATH/CodeIgniter.php(907): Modules\Dashboard\Controllers\Dashboard->index()
 4 SYSTEMPATH/CodeIgniter.php(457): CodeIgniter\CodeIgniter->runController(Object(Modules\Dashboard\Controllers\Dashboard))
 5 SYSTEMPATH/CodeIgniter.php(340): CodeIgniter\CodeIgniter->handleRequest(null, Object(Config\Cache), false)
 6 FCPATH/index.php(67): CodeIgniter\CodeIgniter->run()
 7 SYSTEMPATH/Commands/Server/rewrite.php(43): require_once('FCPATH/index.php')
CRITICAL - 2022-09-24 10:00:57 --> Undefined offset: 0
in APPPATH/Controllers/BaseController.php on line 60.
 1 APPPATH/Controllers/BaseController.php(60): CodeIgniter\Debug\Exceptions->errorHandler(8, 'Undefined offset: 0', 'APPPATH/Controllers/BaseController.php', 60, [...])
 2 ROOTPATH/modules/Dashboard/Controllers/Dashboard.php(16): App\Controllers\BaseController->fetchMenu()
 3 SYSTEMPATH/CodeIgniter.php(907): Modules\Dashboard\Controllers\Dashboard->index()
 4 SYSTEMPATH/CodeIgniter.php(457): CodeIgniter\CodeIgniter->runController(Object(Modules\Dashboard\Controllers\Dashboard))
 5 SYSTEMPATH/CodeIgniter.php(340): CodeIgniter\CodeIgniter->handleRequest(null, Object(Config\Cache), false)
 6 FCPATH/index.php(67): CodeIgniter\CodeIgniter->run()
 7 SYSTEMPATH/Commands/Server/rewrite.php(43): require_once('FCPATH/index.php')
CRITICAL - 2022-09-24 10:03:42 --> Undefined offset: 0
in APPPATH/Controllers/BaseController.php on line 60.
 1 APPPATH/Controllers/BaseController.php(60): CodeIgniter\Debug\Exceptions->errorHandler(8, 'Undefined offset: 0', 'APPPATH/Controllers/BaseController.php', 60, [...])
 2 ROOTPATH/modules/Dashboard/Controllers/Dashboard.php(16): App\Controllers\BaseController->fetchMenu()
 3 SYSTEMPATH/CodeIgniter.php(907): Modules\Dashboard\Controllers\Dashboard->index()
 4 SYSTEMPATH/CodeIgniter.php(457): CodeIgniter\CodeIgniter->runController(Object(Modules\Dashboard\Controllers\Dashboard))
 5 SYSTEMPATH/CodeIgniter.php(340): CodeIgniter\CodeIgniter->handleRequest(null, Object(Config\Cache), false)
 6 FCPATH/index.php(67): CodeIgniter\CodeIgniter->run()
 7 SYSTEMPATH/Commands/Server/rewrite.php(43): require_once('FCPATH/index.php')
CRITICAL - 2022-09-24 10:03:43 --> Undefined offset: 0
in APPPATH/Controllers/BaseController.php on line 60.
 1 APPPATH/Controllers/BaseController.php(60): CodeIgniter\Debug\Exceptions->errorHandler(8, 'Undefined offset: 0', 'APPPATH/Controllers/BaseController.php', 60, [...])
 2 ROOTPATH/modules/Dashboard/Controllers/Dashboard.php(16): App\Controllers\BaseController->fetchMenu()
 3 SYSTEMPATH/CodeIgniter.php(907): Modules\Dashboard\Controllers\Dashboard->index()
 4 SYSTEMPATH/CodeIgniter.php(457): CodeIgniter\CodeIgniter->runController(Object(Modules\Dashboard\Controllers\Dashboard))
 5 SYSTEMPATH/CodeIgniter.php(340): CodeIgniter\CodeIgniter->handleRequest(null, Object(Config\Cache), false)
 6 FCPATH/index.php(67): CodeIgniter\CodeIgniter->run()
 7 SYSTEMPATH/Commands/Server/rewrite.php(43): require_once('FCPATH/index.php')
CRITICAL - 2022-09-24 10:03:44 --> Undefined offset: 0
in APPPATH/Controllers/BaseController.php on line 60.
 1 APPPATH/Controllers/BaseController.php(60): CodeIgniter\Debug\Exceptions->errorHandler(8, 'Undefined offset: 0', 'APPPATH/Controllers/BaseController.php', 60, [...])
 2 ROOTPATH/modules/Dashboard/Controllers/Dashboard.php(16): App\Controllers\BaseController->fetchMenu()
 3 SYSTEMPATH/CodeIgniter.php(907): Modules\Dashboard\Controllers\Dashboard->index()
 4 SYSTEMPATH/CodeIgniter.php(457): CodeIgniter\CodeIgniter->runController(Object(Modules\Dashboard\Controllers\Dashboard))
 5 SYSTEMPATH/CodeIgniter.php(340): CodeIgniter\CodeIgniter->handleRequest(null, Object(Config\Cache), false)
 6 FCPATH/index.php(67): CodeIgniter\CodeIgniter->run()
 7 SYSTEMPATH/Commands/Server/rewrite.php(43): require_once('FCPATH/index.php')
CRITICAL - 2022-09-24 10:03:45 --> Undefined offset: 0
in APPPATH/Controllers/BaseController.php on line 60.
 1 APPPATH/Controllers/BaseController.php(60): CodeIgniter\Debug\Exceptions->errorHandler(8, 'Undefined offset: 0', 'APPPATH/Controllers/BaseController.php', 60, [...])
 2 ROOTPATH/modules/Dashboard/Controllers/Dashboard.php(16): App\Controllers\BaseController->fetchMenu()
 3 SYSTEMPATH/CodeIgniter.php(907): Modules\Dashboard\Controllers\Dashboard->index()
 4 SYSTEMPATH/CodeIgniter.php(457): CodeIgniter\CodeIgniter->runController(Object(Modules\Dashboard\Controllers\Dashboard))
 5 SYSTEMPATH/CodeIgniter.php(340): CodeIgniter\CodeIgniter->handleRequest(null, Object(Config\Cache), false)
 6 FCPATH/index.php(67): CodeIgniter\CodeIgniter->run()
 7 SYSTEMPATH/Commands/Server/rewrite.php(43): require_once('FCPATH/index.php')
CRITICAL - 2022-09-24 10:03:45 --> Undefined offset: 0
in APPPATH/Controllers/BaseController.php on line 60.
 1 APPPATH/Controllers/BaseController.php(60): CodeIgniter\Debug\Exceptions->errorHandler(8, 'Undefined offset: 0', 'APPPATH/Controllers/BaseController.php', 60, [...])
 2 ROOTPATH/modules/Dashboard/Controllers/Dashboard.php(16): App\Controllers\BaseController->fetchMenu()
 3 SYSTEMPATH/CodeIgniter.php(907): Modules\Dashboard\Controllers\Dashboard->index()
 4 SYSTEMPATH/CodeIgniter.php(457): CodeIgniter\CodeIgniter->runController(Object(Modules\Dashboard\Controllers\Dashboard))
 5 SYSTEMPATH/CodeIgniter.php(340): CodeIgniter\CodeIgniter->handleRequest(null, Object(Config\Cache), false)
 6 FCPATH/index.php(67): CodeIgniter\CodeIgniter->run()
 7 SYSTEMPATH/Commands/Server/rewrite.php(43): require_once('FCPATH/index.php')
CRITICAL - 2022-09-24 10:03:45 --> Undefined offset: 0
in APPPATH/Controllers/BaseController.php on line 60.
 1 APPPATH/Controllers/BaseController.php(60): CodeIgniter\Debug\Exceptions->errorHandler(8, 'Undefined offset: 0', 'APPPATH/Controllers/BaseController.php', 60, [...])
 2 ROOTPATH/modules/Dashboard/Controllers/Dashboard.php(16): App\Controllers\BaseController->fetchMenu()
 3 SYSTEMPATH/CodeIgniter.php(907): Modules\Dashboard\Controllers\Dashboard->index()
 4 SYSTEMPATH/CodeIgniter.php(457): CodeIgniter\CodeIgniter->runController(Object(Modules\Dashboard\Controllers\Dashboard))
 5 SYSTEMPATH/CodeIgniter.php(340): CodeIgniter\CodeIgniter->handleRequest(null, Object(Config\Cache), false)
 6 FCPATH/index.php(67): CodeIgniter\CodeIgniter->run()
 7 SYSTEMPATH/Commands/Server/rewrite.php(43): require_once('FCPATH/index.php')
CRITICAL - 2022-09-24 10:03:45 --> Undefined offset: 0
in APPPATH/Controllers/BaseController.php on line 60.
 1 APPPATH/Controllers/BaseController.php(60): CodeIgniter\Debug\Exceptions->errorHandler(8, 'Undefined offset: 0', 'APPPATH/Controllers/BaseController.php', 60, [...])
 2 ROOTPATH/modules/Dashboard/Controllers/Dashboard.php(16): App\Controllers\BaseController->fetchMenu()
 3 SYSTEMPATH/CodeIgniter.php(907): Modules\Dashboard\Controllers\Dashboard->index()
 4 SYSTEMPATH/CodeIgniter.php(457): CodeIgniter\CodeIgniter->runController(Object(Modules\Dashboard\Controllers\Dashboard))
 5 SYSTEMPATH/CodeIgniter.php(340): CodeIgniter\CodeIgniter->handleRequest(null, Object(Config\Cache), false)
 6 FCPATH/index.php(67): CodeIgniter\CodeIgniter->run()
 7 SYSTEMPATH/Commands/Server/rewrite.php(43): require_once('FCPATH/index.php')
CRITICAL - 2022-09-24 10:03:46 --> Undefined offset: 0
in APPPATH/Controllers/BaseController.php on line 60.
 1 APPPATH/Controllers/BaseController.php(60): CodeIgniter\Debug\Exceptions->errorHandler(8, 'Undefined offset: 0', 'APPPATH/Controllers/BaseController.php', 60, [...])
 2 ROOTPATH/modules/Dashboard/Controllers/Dashboard.php(16): App\Controllers\BaseController->fetchMenu()
 3 SYSTEMPATH/CodeIgniter.php(907): Modules\Dashboard\Controllers\Dashboard->index()
 4 SYSTEMPATH/CodeIgniter.php(457): CodeIgniter\CodeIgniter->runController(Object(Modules\Dashboard\Controllers\Dashboard))
 5 SYSTEMPATH/CodeIgniter.php(340): CodeIgniter\CodeIgniter->handleRequest(null, Object(Config\Cache), false)
 6 FCPATH/index.php(67): CodeIgniter\CodeIgniter->run()
 7 SYSTEMPATH/Commands/Server/rewrite.php(43): require_once('FCPATH/index.php')
CRITICAL - 2022-09-24 10:03:46 --> Undefined offset: 0
in APPPATH/Controllers/BaseController.php on line 60.
 1 APPPATH/Controllers/BaseController.php(60): CodeIgniter\Debug\Exceptions->errorHandler(8, 'Undefined offset: 0', 'APPPATH/Controllers/BaseController.php', 60, [...])
 2 ROOTPATH/modules/Dashboard/Controllers/Dashboard.php(16): App\Controllers\BaseController->fetchMenu()
 3 SYSTEMPATH/CodeIgniter.php(907): Modules\Dashboard\Controllers\Dashboard->index()
 4 SYSTEMPATH/CodeIgniter.php(457): CodeIgniter\CodeIgniter->runController(Object(Modules\Dashboard\Controllers\Dashboard))
 5 SYSTEMPATH/CodeIgniter.php(340): CodeIgniter\CodeIgniter->handleRequest(null, Object(Config\Cache), false)
 6 FCPATH/index.php(67): CodeIgniter\CodeIgniter->run()
 7 SYSTEMPATH/Commands/Server/rewrite.php(43): require_once('FCPATH/index.php')
CRITICAL - 2022-09-24 10:03:46 --> Undefined offset: 0
in APPPATH/Controllers/BaseController.php on line 60.
 1 APPPATH/Controllers/BaseController.php(60): CodeIgniter\Debug\Exceptions->errorHandler(8, 'Undefined offset: 0', 'APPPATH/Controllers/BaseController.php', 60, [...])
 2 ROOTPATH/modules/Dashboard/Controllers/Dashboard.php(16): App\Controllers\BaseController->fetchMenu()
 3 SYSTEMPATH/CodeIgniter.php(907): Modules\Dashboard\Controllers\Dashboard->index()
 4 SYSTEMPATH/CodeIgniter.php(457): CodeIgniter\CodeIgniter->runController(Object(Modules\Dashboard\Controllers\Dashboard))
 5 SYSTEMPATH/CodeIgniter.php(340): CodeIgniter\CodeIgniter->handleRequest(null, Object(Config\Cache), false)
 6 FCPATH/index.php(67): CodeIgniter\CodeIgniter->run()
 7 SYSTEMPATH/Commands/Server/rewrite.php(43): require_once('FCPATH/index.php')
CRITICAL - 2022-09-24 10:03:46 --> Undefined offset: 0
in APPPATH/Controllers/BaseController.php on line 60.
 1 APPPATH/Controllers/BaseController.php(60): CodeIgniter\Debug\Exceptions->errorHandler(8, 'Undefined offset: 0', 'APPPATH/Controllers/BaseController.php', 60, [...])
 2 ROOTPATH/modules/Dashboard/Controllers/Dashboard.php(16): App\Controllers\BaseController->fetchMenu()
 3 SYSTEMPATH/CodeIgniter.php(907): Modules\Dashboard\Controllers\Dashboard->index()
 4 SYSTEMPATH/CodeIgniter.php(457): CodeIgniter\CodeIgniter->runController(Object(Modules\Dashboard\Controllers\Dashboard))
 5 SYSTEMPATH/CodeIgniter.php(340): CodeIgniter\CodeIgniter->handleRequest(null, Object(Config\Cache), false)
 6 FCPATH/index.php(67): CodeIgniter\CodeIgniter->run()
 7 SYSTEMPATH/Commands/Server/rewrite.php(43): require_once('FCPATH/index.php')
CRITICAL - 2022-09-24 10:03:47 --> Undefined offset: 0
in APPPATH/Controllers/BaseController.php on line 60.
 1 APPPATH/Controllers/BaseController.php(60): CodeIgniter\Debug\Exceptions->errorHandler(8, 'Undefined offset: 0', 'APPPATH/Controllers/BaseController.php', 60, [...])
 2 ROOTPATH/modules/Dashboard/Controllers/Dashboard.php(16): App\Controllers\BaseController->fetchMenu()
 3 SYSTEMPATH/CodeIgniter.php(907): Modules\Dashboard\Controllers\Dashboard->index()
 4 SYSTEMPATH/CodeIgniter.php(457): CodeIgniter\CodeIgniter->runController(Object(Modules\Dashboard\Controllers\Dashboard))
 5 SYSTEMPATH/CodeIgniter.php(340): CodeIgniter\CodeIgniter->handleRequest(null, Object(Config\Cache), false)
 6 FCPATH/index.php(67): CodeIgniter\CodeIgniter->run()
 7 SYSTEMPATH/Commands/Server/rewrite.php(43): require_once('FCPATH/index.php')
CRITICAL - 2022-09-24 10:03:47 --> Undefined offset: 0
in APPPATH/Controllers/BaseController.php on line 60.
 1 APPPATH/Controllers/BaseController.php(60): CodeIgniter\Debug\Exceptions->errorHandler(8, 'Undefined offset: 0', 'APPPATH/Controllers/BaseController.php', 60, [...])
 2 ROOTPATH/modules/Dashboard/Controllers/Dashboard.php(16): App\Controllers\BaseController->fetchMenu()
 3 SYSTEMPATH/CodeIgniter.php(907): Modules\Dashboard\Controllers\Dashboard->index()
 4 SYSTEMPATH/CodeIgniter.php(457): CodeIgniter\CodeIgniter->runController(Object(Modules\Dashboard\Controllers\Dashboard))
 5 SYSTEMPATH/CodeIgniter.php(340): CodeIgniter\CodeIgniter->handleRequest(null, Object(Config\Cache), false)
 6 FCPATH/index.php(67): CodeIgniter\CodeIgniter->run()
 7 SYSTEMPATH/Commands/Server/rewrite.php(43): require_once('FCPATH/index.php')
CRITICAL - 2022-09-24 10:03:47 --> Undefined offset: 0
in APPPATH/Controllers/BaseController.php on line 60.
 1 APPPATH/Controllers/BaseController.php(60): CodeIgniter\Debug\Exceptions->errorHandler(8, 'Undefined offset: 0', 'APPPATH/Controllers/BaseController.php', 60, [...])
 2 ROOTPATH/modules/Dashboard/Controllers/Dashboard.php(16): App\Controllers\BaseController->fetchMenu()
 3 SYSTEMPATH/CodeIgniter.php(907): Modules\Dashboard\Controllers\Dashboard->index()
 4 SYSTEMPATH/CodeIgniter.php(457): CodeIgniter\CodeIgniter->runController(Object(Modules\Dashboard\Controllers\Dashboard))
 5 SYSTEMPATH/CodeIgniter.php(340): CodeIgniter\CodeIgniter->handleRequest(null, Object(Config\Cache), false)
 6 FCPATH/index.php(67): CodeIgniter\CodeIgniter->run()
 7 SYSTEMPATH/Commands/Server/rewrite.php(43): require_once('FCPATH/index.php')
CRITICAL - 2022-09-24 10:03:47 --> Undefined offset: 0
in APPPATH/Controllers/BaseController.php on line 60.
 1 APPPATH/Controllers/BaseController.php(60): CodeIgniter\Debug\Exceptions->errorHandler(8, 'Undefined offset: 0', 'APPPATH/Controllers/BaseController.php', 60, [...])
 2 ROOTPATH/modules/Dashboard/Controllers/Dashboard.php(16): App\Controllers\BaseController->fetchMenu()
 3 SYSTEMPATH/CodeIgniter.php(907): Modules\Dashboard\Controllers\Dashboard->index()
 4 SYSTEMPATH/CodeIgniter.php(457): CodeIgniter\CodeIgniter->runController(Object(Modules\Dashboard\Controllers\Dashboard))
 5 SYSTEMPATH/CodeIgniter.php(340): CodeIgniter\CodeIgniter->handleRequest(null, Object(Config\Cache), false)
 6 FCPATH/index.php(67): CodeIgniter\CodeIgniter->run()
 7 SYSTEMPATH/Commands/Server/rewrite.php(43): require_once('FCPATH/index.php')
CRITICAL - 2022-09-24 10:03:48 --> Undefined offset: 0
in APPPATH/Controllers/BaseController.php on line 60.
 1 APPPATH/Controllers/BaseController.php(60): CodeIgniter\Debug\Exceptions->errorHandler(8, 'Undefined offset: 0', 'APPPATH/Controllers/BaseController.php', 60, [...])
 2 ROOTPATH/modules/Dashboard/Controllers/Dashboard.php(16): App\Controllers\BaseController->fetchMenu()
 3 SYSTEMPATH/CodeIgniter.php(907): Modules\Dashboard\Controllers\Dashboard->index()
 4 SYSTEMPATH/CodeIgniter.php(457): CodeIgniter\CodeIgniter->runController(Object(Modules\Dashboard\Controllers\Dashboard))
 5 SYSTEMPATH/CodeIgniter.php(340): CodeIgniter\CodeIgniter->handleRequest(null, Object(Config\Cache), false)
 6 FCPATH/index.php(67): CodeIgniter\CodeIgniter->run()
 7 SYSTEMPATH/Commands/Server/rewrite.php(43): require_once('FCPATH/index.php')
CRITICAL - 2022-09-24 10:03:48 --> Undefined offset: 0
in APPPATH/Controllers/BaseController.php on line 60.
 1 APPPATH/Controllers/BaseController.php(60): CodeIgniter\Debug\Exceptions->errorHandler(8, 'Undefined offset: 0', 'APPPATH/Controllers/BaseController.php', 60, [...])
 2 ROOTPATH/modules/Dashboard/Controllers/Dashboard.php(16): App\Controllers\BaseController->fetchMenu()
 3 SYSTEMPATH/CodeIgniter.php(907): Modules\Dashboard\Controllers\Dashboard->index()
 4 SYSTEMPATH/CodeIgniter.php(457): CodeIgniter\CodeIgniter->runController(Object(Modules\Dashboard\Controllers\Dashboard))
 5 SYSTEMPATH/CodeIgniter.php(340): CodeIgniter\CodeIgniter->handleRequest(null, Object(Config\Cache), false)
 6 FCPATH/index.php(67): CodeIgniter\CodeIgniter->run()
 7 SYSTEMPATH/Commands/Server/rewrite.php(43): require_once('FCPATH/index.php')
CRITICAL - 2022-09-24 10:03:48 --> Undefined offset: 0
in APPPATH/Controllers/BaseController.php on line 60.
 1 APPPATH/Controllers/BaseController.php(60): CodeIgniter\Debug\Exceptions->errorHandler(8, 'Undefined offset: 0', 'APPPATH/Controllers/BaseController.php', 60, [...])
 2 ROOTPATH/modules/Dashboard/Controllers/Dashboard.php(16): App\Controllers\BaseController->fetchMenu()
 3 SYSTEMPATH/CodeIgniter.php(907): Modules\Dashboard\Controllers\Dashboard->index()
 4 SYSTEMPATH/CodeIgniter.php(457): CodeIgniter\CodeIgniter->runController(Object(Modules\Dashboard\Controllers\Dashboard))
 5 SYSTEMPATH/CodeIgniter.php(340): CodeIgniter\CodeIgniter->handleRequest(null, Object(Config\Cache), false)
 6 FCPATH/index.php(67): CodeIgniter\CodeIgniter->run()
 7 SYSTEMPATH/Commands/Server/rewrite.php(43): require_once('FCPATH/index.php')
CRITICAL - 2022-09-24 10:03:49 --> Undefined offset: 0
in APPPATH/Controllers/BaseController.php on line 60.
 1 APPPATH/Controllers/BaseController.php(60): CodeIgniter\Debug\Exceptions->errorHandler(8, 'Undefined offset: 0', 'APPPATH/Controllers/BaseController.php', 60, [...])
 2 ROOTPATH/modules/Dashboard/Controllers/Dashboard.php(16): App\Controllers\BaseController->fetchMenu()
 3 SYSTEMPATH/CodeIgniter.php(907): Modules\Dashboard\Controllers\Dashboard->index()
 4 SYSTEMPATH/CodeIgniter.php(457): CodeIgniter\CodeIgniter->runController(Object(Modules\Dashboard\Controllers\Dashboard))
 5 SYSTEMPATH/CodeIgniter.php(340): CodeIgniter\CodeIgniter->handleRequest(null, Object(Config\Cache), false)
 6 FCPATH/index.php(67): CodeIgniter\CodeIgniter->run()
 7 SYSTEMPATH/Commands/Server/rewrite.php(43): require_once('FCPATH/index.php')
CRITICAL - 2022-09-24 10:03:49 --> Undefined offset: 0
in APPPATH/Controllers/BaseController.php on line 60.
 1 APPPATH/Controllers/BaseController.php(60): CodeIgniter\Debug\Exceptions->errorHandler(8, 'Undefined offset: 0', 'APPPATH/Controllers/BaseController.php', 60, [...])
 2 ROOTPATH/modules/Dashboard/Controllers/Dashboard.php(16): App\Controllers\BaseController->fetchMenu()
 3 SYSTEMPATH/CodeIgniter.php(907): Modules\Dashboard\Controllers\Dashboard->index()
 4 SYSTEMPATH/CodeIgniter.php(457): CodeIgniter\CodeIgniter->runController(Object(Modules\Dashboard\Controllers\Dashboard))
 5 SYSTEMPATH/CodeIgniter.php(340): CodeIgniter\CodeIgniter->handleRequest(null, Object(Config\Cache), false)
 6 FCPATH/index.php(67): CodeIgniter\CodeIgniter->run()
 7 SYSTEMPATH/Commands/Server/rewrite.php(43): require_once('FCPATH/index.php')
