CRITICAL - 2022-09-20 10:58:16 --> Undefined property: stdClass::$dokterName
in ROOTPATH/modules/Pendaftaran/Views/pendaftaran.php on line 158.
 1 ROOTPATH/modules/Pendaftaran/Views/pendaftaran.php(158): CodeIgniter\Debug\Exceptions->errorHandler(8, 'Undefined property: stdClass::$dokterName', 'ROOTPATH/modules/Pendaftaran/Views/pendaftaran.php', 158, [...])
 2 SYSTEMPATH/View/View.php(213): include('ROOTPATH/modules/Pendaftaran/Views/pendaftaran.php')
 3 SYSTEMPATH/View/View.php(216): CodeIgniter\View\View->CodeIgniter\View\{closure}()
 4 SYSTEMPATH/Common.php(1142): CodeIgniter\View\View->render('Modules\\Pendaftaran\\Views\\pendaftaran', [], true)
 5 ROOTPATH/modules/Pendaftaran/Controllers/Pendaftaran.php(36): view('Modules\\Pendaftaran\\Views\\pendaftaran', [...])
 6 SYSTEMPATH/CodeIgniter.php(907): Modules\Pendaftaran\Controllers\Pendaftaran->index()
 7 SYSTEMPATH/CodeIgniter.php(457): CodeIgniter\CodeIgniter->runController(Object(Modules\Pendaftaran\Controllers\Pendaftaran))
 8 SYSTEMPATH/CodeIgniter.php(340): CodeIgniter\CodeIgniter->handleRequest(null, Object(Config\Cache), false)
 9 FCPATH/index.php(67): CodeIgniter\CodeIgniter->run()
10 SYSTEMPATH/Commands/Server/rewrite.php(43): require_once('FCPATH/index.php')
ERROR - 2022-09-20 11:15:39 --> ErrorException: pg_query(): Query failed: ERROR:  column pasien.pasienDeletedDate does not exist
LINE 3: WHERE &quot;pasien&quot;.&quot;pasienDeletedDate&quot; IS NULL
              ^
HINT:  Perhaps you meant to reference the column &quot;pasien.pasienDeteletedDate&quot;. in /Users/ivan/Codeigniter/klinik/vendor/codeigniter4/framework/system/Database/Postgre/Connection.php:140
Stack trace:
#0 [internal function]: CodeIgniter\Debug\Exceptions->errorHandler(2, 'pg_query(): Que...', '/Users/ivan/Cod...', 140, Array)
#1 /Users/ivan/Codeigniter/klinik/vendor/codeigniter4/framework/system/Database/Postgre/Connection.php(140): pg_query(Resource id #17, 'SELECT *\nFROM "...')
#2 /Users/ivan/Codeigniter/klinik/vendor/codeigniter4/framework/system/Database/BaseConnection.php(693): CodeIgniter\Database\Postgre\Connection->execute('SELECT *\nFROM "...')
#3 /Users/ivan/Codeigniter/klinik/vendor/codeigniter4/framework/system/Database/BaseConnection.php(620): CodeIgniter\Database\BaseConnection->simpleQuery('SELECT *\nFROM "...')
#4 /Users/ivan/Codeigniter/klinik/vendor/codeigniter4/framework/system/Database/BaseBuilder.php(1585): CodeIgniter\Database\BaseConnection->query('SELECT *\nFROM "...', Array, false)
#5 /Users/ivan/Codeigniter/klinik/vendor/codeigniter4/framework/system/Model.php(223): CodeIgniter\Database\BaseBuilder->get()
#6 /Users/ivan/Codeigniter/klinik/vendor/codeigniter4/framework/system/BaseModel.php(584): CodeIgniter\Model->doFindAll(0, 0)
#7 /Users/ivan/Codeigniter/klinik/modules/Pendaftaran/Controllers/Pendaftaran.php(34): CodeIgniter\BaseModel->findAll()
#8 /Users/ivan/Codeigniter/klinik/vendor/codeigniter4/framework/system/CodeIgniter.php(907): Modules\Pendaftaran\Controllers\Pendaftaran->index()
#9 /Users/ivan/Codeigniter/klinik/vendor/codeigniter4/framework/system/CodeIgniter.php(457): CodeIgniter\CodeIgniter->runController(Object(Modules\Pendaftaran\Controllers\Pendaftaran))
#10 /Users/ivan/Codeigniter/klinik/vendor/codeigniter4/framework/system/CodeIgniter.php(340): CodeIgniter\CodeIgniter->handleRequest(NULL, Object(Config\Cache), false)
#11 /Users/ivan/Codeigniter/klinik/public/index.php(67): CodeIgniter\CodeIgniter->run()
#12 /Users/ivan/Codeigniter/klinik/vendor/codeigniter4/framework/system/Commands/Server/rewrite.php(43): require_once('/Users/ivan/Cod...')
#13 {main}
CRITICAL - 2022-09-20 11:15:39 --> pg_query(): Query failed: ERROR:  column pasien.pasienDeletedDate does not exist
LINE 3: WHERE &quot;pasien&quot;.&quot;pasienDeletedDate&quot; IS NULL
              ^
HINT:  Perhaps you meant to reference the column &quot;pasien.pasienDeteletedDate&quot;.
in SYSTEMPATH/Database/Postgre/Connection.php on line 140.
 1 [internal function]: CodeIgniter\Debug\Exceptions->errorHandler(2, 'pg_query(): Query failed: ERROR:  column pasien.pasienDeletedDate does not exist
LINE 3: WHERE &quot;pasien&quot;.&quot;pasienDeletedDate&quot; IS NULL
              ^
HINT:  Perhaps you meant to reference the column &quot;pasien.pasienDeteletedDate&quot;.', 'SYSTEMPATH/Database/Postgre/Connection.php', 140, [...])
 2 SYSTEMPATH/Database/Postgre/Connection.php(140): pg_query(resource (pgsql link), 'SELECT *
FROM "pasien"
WHERE "pasien"."pasienDeletedDate" IS NULL')
 3 SYSTEMPATH/Database/BaseConnection.php(693): CodeIgniter\Database\Postgre\Connection->execute('SELECT *
FROM "pasien"
WHERE "pasien"."pasienDeletedDate" IS NULL')
 4 SYSTEMPATH/Database/BaseConnection.php(620): CodeIgniter\Database\BaseConnection->simpleQuery('SELECT *
FROM "pasien"
WHERE "pasien"."pasienDeletedDate" IS NULL')
 5 SYSTEMPATH/Database/BaseBuilder.php(1585): CodeIgniter\Database\BaseConnection->query('SELECT *
FROM "pasien"
WHERE "pasien"."pasienDeletedDate" IS NULL', [], false)
 6 SYSTEMPATH/Model.php(223): CodeIgniter\Database\BaseBuilder->get()
 7 SYSTEMPATH/BaseModel.php(584): CodeIgniter\Model->doFindAll(0, 0)
 8 ROOTPATH/modules/Pendaftaran/Controllers/Pendaftaran.php(34): CodeIgniter\BaseModel->findAll()
 9 SYSTEMPATH/CodeIgniter.php(907): Modules\Pendaftaran\Controllers\Pendaftaran->index()
10 SYSTEMPATH/CodeIgniter.php(457): CodeIgniter\CodeIgniter->runController(Object(Modules\Pendaftaran\Controllers\Pendaftaran))
11 SYSTEMPATH/CodeIgniter.php(340): CodeIgniter\CodeIgniter->handleRequest(null, Object(Config\Cache), false)
12 FCPATH/index.php(67): CodeIgniter\CodeIgniter->run()
13 SYSTEMPATH/Commands/Server/rewrite.php(43): require_once('FCPATH/index.php')
CRITICAL - 2022-09-20 11:16:45 --> Call to undefined method Modules\Pasien\Models\PasienModel::getPasien
in SYSTEMPATH/Model.php on line 774.
 1 ROOTPATH/modules/Pasien/Controllers/Pasien.php(26): CodeIgniter\Model->__call('getPasien', [...])
 2 SYSTEMPATH/CodeIgniter.php(907): Modules\Pasien\Controllers\Pasien->index()
 3 SYSTEMPATH/CodeIgniter.php(457): CodeIgniter\CodeIgniter->runController(Object(Modules\Pasien\Controllers\Pasien))
 4 SYSTEMPATH/CodeIgniter.php(340): CodeIgniter\CodeIgniter->handleRequest(null, Object(Config\Cache), false)
 5 FCPATH/index.php(67): CodeIgniter\CodeIgniter->run()
 6 SYSTEMPATH/Commands/Server/rewrite.php(43): require_once('FCPATH/index.php')
CRITICAL - 2022-09-20 12:00:49 --> Call to undefined method Modules\Pasien\Models\PasienModel::getPasien
in SYSTEMPATH/Model.php on line 774.
 1 ROOTPATH/modules/Pasien/Controllers/Pasien.php(26): CodeIgniter\Model->__call('getPasien', [...])
 2 SYSTEMPATH/CodeIgniter.php(907): Modules\Pasien\Controllers\Pasien->index()
 3 SYSTEMPATH/CodeIgniter.php(457): CodeIgniter\CodeIgniter->runController(Object(Modules\Pasien\Controllers\Pasien))
 4 SYSTEMPATH/CodeIgniter.php(340): CodeIgniter\CodeIgniter->handleRequest(null, Object(Config\Cache), false)
 5 FCPATH/index.php(67): CodeIgniter\CodeIgniter->run()
 6 SYSTEMPATH/Commands/Server/rewrite.php(43): require_once('FCPATH/index.php')
CRITICAL - 2022-09-20 12:00:53 --> Call to undefined method Modules\Pasien\Models\PasienModel::getPasien
in SYSTEMPATH/Model.php on line 774.
 1 ROOTPATH/modules/Pasien/Controllers/Pasien.php(26): CodeIgniter\Model->__call('getPasien', [...])
 2 SYSTEMPATH/CodeIgniter.php(907): Modules\Pasien\Controllers\Pasien->index()
 3 SYSTEMPATH/CodeIgniter.php(457): CodeIgniter\CodeIgniter->runController(Object(Modules\Pasien\Controllers\Pasien))
 4 SYSTEMPATH/CodeIgniter.php(340): CodeIgniter\CodeIgniter->handleRequest(null, Object(Config\Cache), false)
 5 FCPATH/index.php(67): CodeIgniter\CodeIgniter->run()
 6 SYSTEMPATH/Commands/Server/rewrite.php(43): require_once('FCPATH/index.php')
CRITICAL - 2022-09-20 12:01:54 --> Call to undefined method Modules\Pasien\Models\PasienModel::getPasien
in SYSTEMPATH/Model.php on line 774.
 1 ROOTPATH/modules/Pasien/Controllers/Pasien.php(26): CodeIgniter\Model->__call('getPasien', [...])
 2 SYSTEMPATH/CodeIgniter.php(907): Modules\Pasien\Controllers\Pasien->index()
 3 SYSTEMPATH/CodeIgniter.php(457): CodeIgniter\CodeIgniter->runController(Object(Modules\Pasien\Controllers\Pasien))
 4 SYSTEMPATH/CodeIgniter.php(340): CodeIgniter\CodeIgniter->handleRequest(null, Object(Config\Cache), false)
 5 FCPATH/index.php(67): CodeIgniter\CodeIgniter->run()
 6 SYSTEMPATH/Commands/Server/rewrite.php(43): require_once('FCPATH/index.php')
CRITICAL - 2022-09-20 12:04:14 --> Call to undefined method Modules\Pasien\Models\PasienModel::getPasien
in SYSTEMPATH/Model.php on line 774.
 1 ROOTPATH/modules/Pasien/Controllers/Pasien.php(26): CodeIgniter\Model->__call('getPasien', [...])
 2 SYSTEMPATH/CodeIgniter.php(907): Modules\Pasien\Controllers\Pasien->index()
 3 SYSTEMPATH/CodeIgniter.php(457): CodeIgniter\CodeIgniter->runController(Object(Modules\Pasien\Controllers\Pasien))
 4 SYSTEMPATH/CodeIgniter.php(340): CodeIgniter\CodeIgniter->handleRequest(null, Object(Config\Cache), false)
 5 FCPATH/index.php(67): CodeIgniter\CodeIgniter->run()
 6 SYSTEMPATH/Commands/Server/rewrite.php(43): require_once('FCPATH/index.php')
CRITICAL - 2022-09-20 12:18:14 --> Call to undefined method Modules\Pasien\Models\PasienModel::getPasien
in SYSTEMPATH/Model.php on line 774.
 1 ROOTPATH/modules/Pasien/Controllers/Pasien.php(26): CodeIgniter\Model->__call('getPasien', [...])
 2 SYSTEMPATH/CodeIgniter.php(907): Modules\Pasien\Controllers\Pasien->index()
 3 SYSTEMPATH/CodeIgniter.php(457): CodeIgniter\CodeIgniter->runController(Object(Modules\Pasien\Controllers\Pasien))
 4 SYSTEMPATH/CodeIgniter.php(340): CodeIgniter\CodeIgniter->handleRequest(null, Object(Config\Cache), false)
 5 FCPATH/index.php(67): CodeIgniter\CodeIgniter->run()
 6 SYSTEMPATH/Commands/Server/rewrite.php(43): require_once('FCPATH/index.php')
CRITICAL - 2022-09-20 12:18:43 --> Call to undefined method Modules\Pasien\Models\PasienModel::getPasien
in SYSTEMPATH/Model.php on line 774.
 1 ROOTPATH/modules/Pasien/Controllers/Pasien.php(26): CodeIgniter\Model->__call('getPasien', [...])
 2 SYSTEMPATH/CodeIgniter.php(907): Modules\Pasien\Controllers\Pasien->index()
 3 SYSTEMPATH/CodeIgniter.php(457): CodeIgniter\CodeIgniter->runController(Object(Modules\Pasien\Controllers\Pasien))
 4 SYSTEMPATH/CodeIgniter.php(340): CodeIgniter\CodeIgniter->handleRequest(null, Object(Config\Cache), false)
 5 FCPATH/index.php(67): CodeIgniter\CodeIgniter->run()
 6 SYSTEMPATH/Commands/Server/rewrite.php(43): require_once('FCPATH/index.php')
CRITICAL - 2022-09-20 12:23:38 --> Call to undefined method Modules\Pasien\Models\PasienModel::getPasien
in SYSTEMPATH/Model.php on line 774.
 1 ROOTPATH/modules/Pasien/Controllers/Pasien.php(26): CodeIgniter\Model->__call('getPasien', [...])
 2 SYSTEMPATH/CodeIgniter.php(907): Modules\Pasien\Controllers\Pasien->index()
 3 SYSTEMPATH/CodeIgniter.php(457): CodeIgniter\CodeIgniter->runController(Object(Modules\Pasien\Controllers\Pasien))
 4 SYSTEMPATH/CodeIgniter.php(340): CodeIgniter\CodeIgniter->handleRequest(null, Object(Config\Cache), false)
 5 FCPATH/index.php(67): CodeIgniter\CodeIgniter->run()
 6 SYSTEMPATH/Commands/Server/rewrite.php(43): require_once('FCPATH/index.php')
CRITICAL - 2022-09-20 12:28:06 --> Call to undefined method Modules\Pasien\Models\PasienModel::getPasien
in SYSTEMPATH/Model.php on line 774.
 1 ROOTPATH/modules/Pasien/Controllers/Pasien.php(26): CodeIgniter\Model->__call('getPasien', [...])
 2 SYSTEMPATH/CodeIgniter.php(907): Modules\Pasien\Controllers\Pasien->index()
 3 SYSTEMPATH/CodeIgniter.php(457): CodeIgniter\CodeIgniter->runController(Object(Modules\Pasien\Controllers\Pasien))
 4 SYSTEMPATH/CodeIgniter.php(340): CodeIgniter\CodeIgniter->handleRequest(null, Object(Config\Cache), false)
 5 FCPATH/index.php(67): CodeIgniter\CodeIgniter->run()
 6 SYSTEMPATH/Commands/Server/rewrite.php(43): require_once('FCPATH/index.php')
CRITICAL - 2022-09-20 12:28:24 --> Call to undefined method Modules\Pasien\Models\PasienModel::getPasien
in SYSTEMPATH/Model.php on line 774.
 1 ROOTPATH/modules/Pasien/Controllers/Pasien.php(26): CodeIgniter\Model->__call('getPasien', [...])
 2 SYSTEMPATH/CodeIgniter.php(907): Modules\Pasien\Controllers\Pasien->index()
 3 SYSTEMPATH/CodeIgniter.php(457): CodeIgniter\CodeIgniter->runController(Object(Modules\Pasien\Controllers\Pasien))
 4 SYSTEMPATH/CodeIgniter.php(340): CodeIgniter\CodeIgniter->handleRequest(null, Object(Config\Cache), false)
 5 FCPATH/index.php(67): CodeIgniter\CodeIgniter->run()
 6 SYSTEMPATH/Commands/Server/rewrite.php(43): require_once('FCPATH/index.php')
CRITICAL - 2022-09-20 12:28:46 --> Call to undefined method Modules\Pasien\Models\PasienModel::getPasien
in SYSTEMPATH/Model.php on line 774.
 1 ROOTPATH/modules/Pasien/Controllers/Pasien.php(26): CodeIgniter\Model->__call('getPasien', [...])
 2 SYSTEMPATH/CodeIgniter.php(907): Modules\Pasien\Controllers\Pasien->index()
 3 SYSTEMPATH/CodeIgniter.php(457): CodeIgniter\CodeIgniter->runController(Object(Modules\Pasien\Controllers\Pasien))
 4 SYSTEMPATH/CodeIgniter.php(340): CodeIgniter\CodeIgniter->handleRequest(null, Object(Config\Cache), false)
 5 FCPATH/index.php(67): CodeIgniter\CodeIgniter->run()
 6 SYSTEMPATH/Commands/Server/rewrite.php(43): require_once('FCPATH/index.php')
CRITICAL - 2022-09-20 12:29:54 --> Call to undefined method Modules\Pasien\Models\PasienModel::getPasien
in SYSTEMPATH/Model.php on line 774.
 1 ROOTPATH/modules/Pasien/Controllers/Pasien.php(26): CodeIgniter\Model->__call('getPasien', [...])
 2 SYSTEMPATH/CodeIgniter.php(907): Modules\Pasien\Controllers\Pasien->index()
 3 SYSTEMPATH/CodeIgniter.php(457): CodeIgniter\CodeIgniter->runController(Object(Modules\Pasien\Controllers\Pasien))
 4 SYSTEMPATH/CodeIgniter.php(340): CodeIgniter\CodeIgniter->handleRequest(null, Object(Config\Cache), false)
 5 FCPATH/index.php(67): CodeIgniter\CodeIgniter->run()
 6 SYSTEMPATH/Commands/Server/rewrite.php(43): require_once('FCPATH/index.php')
CRITICAL - 2022-09-20 12:30:21 --> Call to undefined method Modules\Pasien\Models\PasienModel::getPasien
in SYSTEMPATH/Model.php on line 774.
 1 ROOTPATH/modules/Pasien/Controllers/Pasien.php(26): CodeIgniter\Model->__call('getPasien', [...])
 2 SYSTEMPATH/CodeIgniter.php(907): Modules\Pasien\Controllers\Pasien->index()
 3 SYSTEMPATH/CodeIgniter.php(457): CodeIgniter\CodeIgniter->runController(Object(Modules\Pasien\Controllers\Pasien))
 4 SYSTEMPATH/CodeIgniter.php(340): CodeIgniter\CodeIgniter->handleRequest(null, Object(Config\Cache), false)
 5 FCPATH/index.php(67): CodeIgniter\CodeIgniter->run()
 6 SYSTEMPATH/Commands/Server/rewrite.php(43): require_once('FCPATH/index.php')
CRITICAL - 2022-09-20 12:30:57 --> Call to undefined method Modules\Pasien\Models\PasienModel::getPasien
in SYSTEMPATH/Model.php on line 774.
 1 ROOTPATH/modules/Pasien/Controllers/Pasien.php(26): CodeIgniter\Model->__call('getPasien', [...])
 2 SYSTEMPATH/CodeIgniter.php(907): Modules\Pasien\Controllers\Pasien->index()
 3 SYSTEMPATH/CodeIgniter.php(457): CodeIgniter\CodeIgniter->runController(Object(Modules\Pasien\Controllers\Pasien))
 4 SYSTEMPATH/CodeIgniter.php(340): CodeIgniter\CodeIgniter->handleRequest(null, Object(Config\Cache), false)
 5 FCPATH/index.php(67): CodeIgniter\CodeIgniter->run()
 6 SYSTEMPATH/Commands/Server/rewrite.php(43): require_once('FCPATH/index.php')
CRITICAL - 2022-09-20 12:31:00 --> Call to undefined method Modules\Pasien\Models\PasienModel::getPasien
in SYSTEMPATH/Model.php on line 774.
 1 ROOTPATH/modules/Pasien/Controllers/Pasien.php(26): CodeIgniter\Model->__call('getPasien', [...])
 2 SYSTEMPATH/CodeIgniter.php(907): Modules\Pasien\Controllers\Pasien->index()
 3 SYSTEMPATH/CodeIgniter.php(457): CodeIgniter\CodeIgniter->runController(Object(Modules\Pasien\Controllers\Pasien))
 4 SYSTEMPATH/CodeIgniter.php(340): CodeIgniter\CodeIgniter->handleRequest(null, Object(Config\Cache), false)
 5 FCPATH/index.php(67): CodeIgniter\CodeIgniter->run()
 6 SYSTEMPATH/Commands/Server/rewrite.php(43): require_once('FCPATH/index.php')
CRITICAL - 2022-09-20 12:31:12 --> Call to undefined method Modules\Pasien\Models\PasienModel::getPasien
in SYSTEMPATH/Model.php on line 774.
 1 ROOTPATH/modules/Pasien/Controllers/Pasien.php(26): CodeIgniter\Model->__call('getPasien', [...])
 2 SYSTEMPATH/CodeIgniter.php(907): Modules\Pasien\Controllers\Pasien->index()
 3 SYSTEMPATH/CodeIgniter.php(457): CodeIgniter\CodeIgniter->runController(Object(Modules\Pasien\Controllers\Pasien))
 4 SYSTEMPATH/CodeIgniter.php(340): CodeIgniter\CodeIgniter->handleRequest(null, Object(Config\Cache), false)
 5 FCPATH/index.php(67): CodeIgniter\CodeIgniter->run()
 6 SYSTEMPATH/Commands/Server/rewrite.php(43): require_once('FCPATH/index.php')
CRITICAL - 2022-09-20 12:33:28 --> Call to undefined method Modules\Pasien\Models\PasienModel::getPasien
in SYSTEMPATH/Model.php on line 774.
 1 ROOTPATH/modules/Pasien/Controllers/Pasien.php(26): CodeIgniter\Model->__call('getPasien', [...])
 2 SYSTEMPATH/CodeIgniter.php(907): Modules\Pasien\Controllers\Pasien->index()
 3 SYSTEMPATH/CodeIgniter.php(457): CodeIgniter\CodeIgniter->runController(Object(Modules\Pasien\Controllers\Pasien))
 4 SYSTEMPATH/CodeIgniter.php(340): CodeIgniter\CodeIgniter->handleRequest(null, Object(Config\Cache), false)
 5 FCPATH/index.php(67): CodeIgniter\CodeIgniter->run()
 6 SYSTEMPATH/Commands/Server/rewrite.php(43): require_once('FCPATH/index.php')
CRITICAL - 2022-09-20 12:34:07 --> Call to undefined method Modules\Pasien\Models\PasienModel::getPasien
in SYSTEMPATH/Model.php on line 774.
 1 ROOTPATH/modules/Pasien/Controllers/Pasien.php(26): CodeIgniter\Model->__call('getPasien', [...])
 2 SYSTEMPATH/CodeIgniter.php(907): Modules\Pasien\Controllers\Pasien->index()
 3 SYSTEMPATH/CodeIgniter.php(457): CodeIgniter\CodeIgniter->runController(Object(Modules\Pasien\Controllers\Pasien))
 4 SYSTEMPATH/CodeIgniter.php(340): CodeIgniter\CodeIgniter->handleRequest(null, Object(Config\Cache), false)
 5 FCPATH/index.php(67): CodeIgniter\CodeIgniter->run()
 6 SYSTEMPATH/Commands/Server/rewrite.php(43): require_once('FCPATH/index.php')
CRITICAL - 2022-09-20 12:35:08 --> Call to undefined method Modules\Pasien\Models\PasienModel::getPasien
in SYSTEMPATH/Model.php on line 774.
 1 ROOTPATH/modules/Pasien/Controllers/Pasien.php(26): CodeIgniter\Model->__call('getPasien', [...])
 2 SYSTEMPATH/CodeIgniter.php(907): Modules\Pasien\Controllers\Pasien->index()
 3 SYSTEMPATH/CodeIgniter.php(457): CodeIgniter\CodeIgniter->runController(Object(Modules\Pasien\Controllers\Pasien))
 4 SYSTEMPATH/CodeIgniter.php(340): CodeIgniter\CodeIgniter->handleRequest(null, Object(Config\Cache), false)
 5 FCPATH/index.php(67): CodeIgniter\CodeIgniter->run()
 6 SYSTEMPATH/Commands/Server/rewrite.php(43): require_once('FCPATH/index.php')
CRITICAL - 2022-09-20 12:35:46 --> Call to undefined method Modules\Pasien\Models\PasienModel::getPasien
in SYSTEMPATH/Model.php on line 774.
 1 ROOTPATH/modules/Pasien/Controllers/Pasien.php(26): CodeIgniter\Model->__call('getPasien', [...])
 2 SYSTEMPATH/CodeIgniter.php(907): Modules\Pasien\Controllers\Pasien->index()
 3 SYSTEMPATH/CodeIgniter.php(457): CodeIgniter\CodeIgniter->runController(Object(Modules\Pasien\Controllers\Pasien))
 4 SYSTEMPATH/CodeIgniter.php(340): CodeIgniter\CodeIgniter->handleRequest(null, Object(Config\Cache), false)
 5 FCPATH/index.php(67): CodeIgniter\CodeIgniter->run()
 6 SYSTEMPATH/Commands/Server/rewrite.php(43): require_once('FCPATH/index.php')
CRITICAL - 2022-09-20 12:35:56 --> Call to undefined method Modules\Pasien\Models\PasienModel::getPasien
in SYSTEMPATH/Model.php on line 774.
 1 ROOTPATH/modules/Pasien/Controllers/Pasien.php(26): CodeIgniter\Model->__call('getPasien', [...])
 2 SYSTEMPATH/CodeIgniter.php(907): Modules\Pasien\Controllers\Pasien->index()
 3 SYSTEMPATH/CodeIgniter.php(457): CodeIgniter\CodeIgniter->runController(Object(Modules\Pasien\Controllers\Pasien))
 4 SYSTEMPATH/CodeIgniter.php(340): CodeIgniter\CodeIgniter->handleRequest(null, Object(Config\Cache), false)
 5 FCPATH/index.php(67): CodeIgniter\CodeIgniter->run()
 6 SYSTEMPATH/Commands/Server/rewrite.php(43): require_once('FCPATH/index.php')
CRITICAL - 2022-09-20 12:36:13 --> Call to undefined method Modules\Pasien\Models\PasienModel::getPasien
in SYSTEMPATH/Model.php on line 774.
 1 ROOTPATH/modules/Pasien/Controllers/Pasien.php(26): CodeIgniter\Model->__call('getPasien', [...])
 2 SYSTEMPATH/CodeIgniter.php(907): Modules\Pasien\Controllers\Pasien->index()
 3 SYSTEMPATH/CodeIgniter.php(457): CodeIgniter\CodeIgniter->runController(Object(Modules\Pasien\Controllers\Pasien))
 4 SYSTEMPATH/CodeIgniter.php(340): CodeIgniter\CodeIgniter->handleRequest(null, Object(Config\Cache), false)
 5 FCPATH/index.php(67): CodeIgniter\CodeIgniter->run()
 6 SYSTEMPATH/Commands/Server/rewrite.php(43): require_once('FCPATH/index.php')
CRITICAL - 2022-09-20 12:36:14 --> Call to undefined method Modules\Pasien\Models\PasienModel::getPasien
in SYSTEMPATH/Model.php on line 774.
 1 ROOTPATH/modules/Pasien/Controllers/Pasien.php(26): CodeIgniter\Model->__call('getPasien', [...])
 2 SYSTEMPATH/CodeIgniter.php(907): Modules\Pasien\Controllers\Pasien->index()
 3 SYSTEMPATH/CodeIgniter.php(457): CodeIgniter\CodeIgniter->runController(Object(Modules\Pasien\Controllers\Pasien))
 4 SYSTEMPATH/CodeIgniter.php(340): CodeIgniter\CodeIgniter->handleRequest(null, Object(Config\Cache), false)
 5 FCPATH/index.php(67): CodeIgniter\CodeIgniter->run()
 6 SYSTEMPATH/Commands/Server/rewrite.php(43): require_once('FCPATH/index.php')
CRITICAL - 2022-09-20 12:37:58 --> Call to undefined method Modules\Pasien\Models\PasienModel::getPasien
in SYSTEMPATH/Model.php on line 774.
 1 ROOTPATH/modules/Pasien/Controllers/Pasien.php(26): CodeIgniter\Model->__call('getPasien', [...])
 2 SYSTEMPATH/CodeIgniter.php(907): Modules\Pasien\Controllers\Pasien->index()
 3 SYSTEMPATH/CodeIgniter.php(457): CodeIgniter\CodeIgniter->runController(Object(Modules\Pasien\Controllers\Pasien))
 4 SYSTEMPATH/CodeIgniter.php(340): CodeIgniter\CodeIgniter->handleRequest(null, Object(Config\Cache), false)
 5 FCPATH/index.php(67): CodeIgniter\CodeIgniter->run()
 6 SYSTEMPATH/Commands/Server/rewrite.php(43): require_once('FCPATH/index.php')
CRITICAL - 2022-09-20 12:38:46 --> Call to undefined method Modules\Pasien\Models\PasienModel::getPasien
in SYSTEMPATH/Model.php on line 774.
 1 ROOTPATH/modules/Pasien/Controllers/Pasien.php(26): CodeIgniter\Model->__call('getPasien', [...])
 2 SYSTEMPATH/CodeIgniter.php(907): Modules\Pasien\Controllers\Pasien->index()
 3 SYSTEMPATH/CodeIgniter.php(457): CodeIgniter\CodeIgniter->runController(Object(Modules\Pasien\Controllers\Pasien))
 4 SYSTEMPATH/CodeIgniter.php(340): CodeIgniter\CodeIgniter->handleRequest(null, Object(Config\Cache), false)
 5 FCPATH/index.php(67): CodeIgniter\CodeIgniter->run()
 6 SYSTEMPATH/Commands/Server/rewrite.php(43): require_once('FCPATH/index.php')
ERROR - 2022-09-20 16:02:33 --> ErrorException: pg_query(): Query failed: ERROR:  invalid input syntax for type smallint: &quot;&quot;
LINE 1: ...ate&quot;) VALUES ('1271180208910004', 'Fikri Ansari', '', 'jl.me...
                                                             ^ in /Users/ivan/Codeigniter/klinik/vendor/codeigniter4/framework/system/Database/Postgre/Connection.php:140
Stack trace:
#0 [internal function]: CodeIgniter\Debug\Exceptions->errorHandler(2, 'pg_query(): Que...', '/Users/ivan/Cod...', 140, Array)
#1 /Users/ivan/Codeigniter/klinik/vendor/codeigniter4/framework/system/Database/Postgre/Connection.php(140): pg_query(Resource id #17, 'INSERT INTO "pa...')
#2 /Users/ivan/Codeigniter/klinik/vendor/codeigniter4/framework/system/Database/BaseConnection.php(693): CodeIgniter\Database\Postgre\Connection->execute('INSERT INTO "pa...')
#3 /Users/ivan/Codeigniter/klinik/vendor/codeigniter4/framework/system/Database/BaseConnection.php(620): CodeIgniter\Database\BaseConnection->simpleQuery('INSERT INTO "pa...')
#4 /Users/ivan/Codeigniter/klinik/vendor/codeigniter4/framework/system/Database/BaseBuilder.php(1916): CodeIgniter\Database\BaseConnection->query('INSERT INTO "pa...', Array, false)
#5 /Users/ivan/Codeigniter/klinik/vendor/codeigniter4/framework/system/Model.php(279): CodeIgniter\Database\BaseBuilder->insert()
#6 /Users/ivan/Codeigniter/klinik/vendor/codeigniter4/framework/system/BaseModel.php(738): CodeIgniter\Model->doInsert(Array)
#7 /Users/ivan/Codeigniter/klinik/vendor/codeigniter4/framework/system/Model.php(667): CodeIgniter\BaseModel->insert(Array, true)
#8 /Users/ivan/Codeigniter/klinik/modules/Pasien/Controllers/Pasien.php(67): CodeIgniter\Model->insert(Array)
#9 /Users/ivan/Codeigniter/klinik/vendor/codeigniter4/framework/system/CodeIgniter.php(907): Modules\Pasien\Controllers\Pasien->add()
#10 /Users/ivan/Codeigniter/klinik/vendor/codeigniter4/framework/system/CodeIgniter.php(457): CodeIgniter\CodeIgniter->runController(Object(Modules\Pasien\Controllers\Pasien))
#11 /Users/ivan/Codeigniter/klinik/vendor/codeigniter4/framework/system/CodeIgniter.php(340): CodeIgniter\CodeIgniter->handleRequest(NULL, Object(Config\Cache), false)
#12 /Users/ivan/Codeigniter/klinik/public/index.php(67): CodeIgniter\CodeIgniter->run()
#13 /Users/ivan/Codeigniter/klinik/vendor/codeigniter4/framework/system/Commands/Server/rewrite.php(43): require_once('/Users/ivan/Cod...')
#14 {main}
CRITICAL - 2022-09-20 16:02:33 --> pg_query(): Query failed: ERROR:  invalid input syntax for type smallint: &quot;&quot;
LINE 1: ...ate&quot;) VALUES ('1271180208910004', 'Fikri Ansari', '', 'jl.me...
                                                             ^
in SYSTEMPATH/Database/Postgre/Connection.php on line 140.
 1 [internal function]: CodeIgniter\Debug\Exceptions->errorHandler(2, 'pg_query(): Query failed: ERROR:  invalid input syntax for type smallint: &quot;&quot;
LINE 1: ...ate&quot;) VALUES (\'1271180208910004\', \'Fikri Ansari\', \'\', \'jl.me...
                                                             ^', 'SYSTEMPATH/Database/Postgre/Connection.php', 140, [...])
 2 SYSTEMPATH/Database/Postgre/Connection.php(140): pg_query(resource (pgsql link), 'INSERT INTO "pasien" ("nik", "pasienName", "pasienAge", "pasienAddress", "pasienAccupation", "pasienUnit", "pasienSex", "pasienCreatedDate", "pasienModifiedDate") VALUES (\'1271180208910004\', \'Fikri Ansari\', \'\', \'jl.mesjid taufik gg.bintara no 24\', \'Tendik\', \'BSI\', \'P\', \'2022-09-20 16:02:33\', \'2022-09-20 16:02:33\')')
 3 SYSTEMPATH/Database/BaseConnection.php(693): CodeIgniter\Database\Postgre\Connection->execute('INSERT INTO "pasien" ("nik", "pasienName", "pasienAge", "pasienAddress", "pasienAccupation", "pasienUnit", "pasienSex", "pasienCreatedDate", "pasienModifiedDate") VALUES (\'1271180208910004\', \'Fikri Ansari\', \'\', \'jl.mesjid taufik gg.bintara no 24\', \'Tendik\', \'BSI\', \'P\', \'2022-09-20 16:02:33\', \'2022-09-20 16:02:33\')')
 4 SYSTEMPATH/Database/BaseConnection.php(620): CodeIgniter\Database\BaseConnection->simpleQuery('INSERT INTO "pasien" ("nik", "pasienName", "pasienAge", "pasienAddress", "pasienAccupation", "pasienUnit", "pasienSex", "pasienCreatedDate", "pasienModifiedDate") VALUES (\'1271180208910004\', \'Fikri Ansari\', \'\', \'jl.mesjid taufik gg.bintara no 24\', \'Tendik\', \'BSI\', \'P\', \'2022-09-20 16:02:33\', \'2022-09-20 16:02:33\')')
 5 SYSTEMPATH/Database/BaseBuilder.php(1916): CodeIgniter\Database\BaseConnection->query('INSERT INTO "pasien" ("nik", "pasienName", "pasienAge", "pasienAddress", "pasienAccupation", "pasienUnit", "pasienSex", "pasienCreatedDate", "pasienModifiedDate") VALUES (:nik:, :pasienName:, :pasienAge:, :pasienAddress:, :pasienAccupation:, :pasienUnit:, :pasienSex:, :pasienCreatedDate:, :pasienModifiedDate:)', [...], false)
 6 SYSTEMPATH/Model.php(279): CodeIgniter\Database\BaseBuilder->insert()
 7 SYSTEMPATH/BaseModel.php(738): CodeIgniter\Model->doInsert([...])
 8 SYSTEMPATH/Model.php(667): CodeIgniter\BaseModel->insert([...], true)
 9 ROOTPATH/modules/Pasien/Controllers/Pasien.php(67): CodeIgniter\Model->insert([...])
10 SYSTEMPATH/CodeIgniter.php(907): Modules\Pasien\Controllers\Pasien->add()
11 SYSTEMPATH/CodeIgniter.php(457): CodeIgniter\CodeIgniter->runController(Object(Modules\Pasien\Controllers\Pasien))
12 SYSTEMPATH/CodeIgniter.php(340): CodeIgniter\CodeIgniter->handleRequest(null, Object(Config\Cache), false)
13 FCPATH/index.php(67): CodeIgniter\CodeIgniter->run()
14 SYSTEMPATH/Commands/Server/rewrite.php(43): require_once('FCPATH/index.php')
CRITICAL - 2022-09-20 16:02:33 --> Uncaught CodeIgniter\Format\Exceptions\FormatException: Failed to parse json string, error: "Type is not supported". in /Users/ivan/Codeigniter/klinik/vendor/codeigniter4/framework/system/Format/JSONFormatter.php:41
Stack trace:
#0 /Users/ivan/Codeigniter/klinik/vendor/codeigniter4/framework/system/Format/JSONFormatter.php(41): CodeIgniter\Format\Exceptions\FormatException::forInvalidJSON('Type is not sup...')
#1 /Users/ivan/Codeigniter/klinik/vendor/codeigniter4/framework/system/API/ResponseTrait.php(348): CodeIgniter\Format\JSONFormatter->format(Array)
#2 /Users/ivan/Codeigniter/klinik/vendor/codeigniter4/framework/system/API/ResponseTrait.php(99): CodeIgniter\Debug\Exceptions->format(Array)
#3 /Users/ivan/Codeigniter/klinik/vendor/codeigniter4/framework/system/Debug/Exceptions.php(132): CodeIgniter\Debug\Exceptions->respond(Array, 500)
#4 [internal function]: CodeIgniter\Debug\Exceptions->exceptionHandler(Object(ErrorException))
#5 {main}
  thrown
in SYSTEMPATH/Format/JSONFormatter.php on line 41.
 1 [internal function]: CodeIgniter\Debug\Exceptions->shutdownHandler()
CRITICAL - 2022-09-20 16:35:01 --> Call to undefined method Modules\Pemeriksaan\Models\PemeriksaanModel::getRekamMedisByNik
in SYSTEMPATH/Model.php on line 774.
 1 ROOTPATH/modules/Pendaftaran/Controllers/Pendaftaran.php(38): CodeIgniter\Model->__call('getRekamMedisByNik', [...])
 2 SYSTEMPATH/CodeIgniter.php(907): Modules\Pendaftaran\Controllers\Pendaftaran->index()
 3 SYSTEMPATH/CodeIgniter.php(457): CodeIgniter\CodeIgniter->runController(Object(Modules\Pendaftaran\Controllers\Pendaftaran))
 4 SYSTEMPATH/CodeIgniter.php(340): CodeIgniter\CodeIgniter->handleRequest(null, Object(Config\Cache), false)
 5 FCPATH/index.php(67): CodeIgniter\CodeIgniter->run()
 6 SYSTEMPATH/Commands/Server/rewrite.php(43): require_once('FCPATH/index.php')
ERROR - 2022-09-20 16:35:20 --> ErrorException: pg_query(): Query failed: ERROR:  column pemeriksaan.pemeriksaanPoliId does not exist
LINE 4: LEFT JOIN &quot;poli&quot; ON &quot;poli&quot;.&quot;poliId&quot; =&quot;pemeriksaan&quot;.&quot;pemeriks...
                                             ^
HINT:  Perhaps you meant to reference the column &quot;pemeriksaan.pameriksaanPoliId&quot;. in /Users/ivan/Codeigniter/klinik/vendor/codeigniter4/framework/system/Database/Postgre/Connection.php:140
Stack trace:
#0 [internal function]: CodeIgniter\Debug\Exceptions->errorHandler(2, 'pg_query(): Que...', '/Users/ivan/Cod...', 140, Array)
#1 /Users/ivan/Codeigniter/klinik/vendor/codeigniter4/framework/system/Database/Postgre/Connection.php(140): pg_query(Resource id #17, 'SELECT *\nFROM "...')
#2 /Users/ivan/Codeigniter/klinik/vendor/codeigniter4/framework/system/Database/BaseConnection.php(693): CodeIgniter\Database\Postgre\Connection->execute('SELECT *\nFROM "...')
#3 /Users/ivan/Codeigniter/klinik/vendor/codeigniter4/framework/system/Database/BaseConnection.php(620): CodeIgniter\Database\BaseConnection->simpleQuery('SELECT *\nFROM "...')
#4 /Users/ivan/Codeigniter/klinik/vendor/codeigniter4/framework/system/Database/BaseBuilder.php(1585): CodeIgniter\Database\BaseConnection->query('SELECT *\nFROM "...', Array, false)
#5 /Users/ivan/Codeigniter/klinik/vendor/codeigniter4/framework/system/Model.php(772): CodeIgniter\Database\BaseBuilder->get()
#6 /Users/ivan/Codeigniter/klinik/modules/Pemeriksaan/Models/PemeriksaanModel.php(26): CodeIgniter\Model->__call('get', Array)
#7 /Users/ivan/Codeigniter/klinik/modules/Pendaftaran/Controllers/Pendaftaran.php(38): Modules\Pemeriksaan\Models\PemeriksaanModel->getById(Array)
#8 /Users/ivan/Codeigniter/klinik/vendor/codeigniter4/framework/system/CodeIgniter.php(907): Modules\Pendaftaran\Controllers\Pendaftaran->index()
#9 /Users/ivan/Codeigniter/klinik/vendor/codeigniter4/framework/system/CodeIgniter.php(457): CodeIgniter\CodeIgniter->runController(Object(Modules\Pendaftaran\Controllers\Pendaftaran))
#10 /Users/ivan/Codeigniter/klinik/vendor/codeigniter4/framework/system/CodeIgniter.php(340): CodeIgniter\CodeIgniter->handleRequest(NULL, Object(Config\Cache), false)
#11 /Users/ivan/Codeigniter/klinik/public/index.php(67): CodeIgniter\CodeIgniter->run()
#12 /Users/ivan/Codeigniter/klinik/vendor/codeigniter4/framework/system/Commands/Server/rewrite.php(43): require_once('/Users/ivan/Cod...')
#13 {main}
CRITICAL - 2022-09-20 16:35:20 --> pg_query(): Query failed: ERROR:  column pemeriksaan.pemeriksaanPoliId does not exist
LINE 4: LEFT JOIN &quot;poli&quot; ON &quot;poli&quot;.&quot;poliId&quot; =&quot;pemeriksaan&quot;.&quot;pemeriks...
                                             ^
HINT:  Perhaps you meant to reference the column &quot;pemeriksaan.pameriksaanPoliId&quot;.
in SYSTEMPATH/Database/Postgre/Connection.php on line 140.
 1 [internal function]: CodeIgniter\Debug\Exceptions->errorHandler(2, 'pg_query(): Query failed: ERROR:  column pemeriksaan.pemeriksaanPoliId does not exist
LINE 4: LEFT JOIN &quot;poli&quot; ON &quot;poli&quot;.&quot;poliId&quot; =&quot;pemeriksaan&quot;.&quot;pemeriks...
                                             ^
HINT:  Perhaps you meant to reference the column &quot;pemeriksaan.pameriksaanPoliId&quot;.', 'SYSTEMPATH/Database/Postgre/Connection.php', 140, [...])
 2 SYSTEMPATH/Database/Postgre/Connection.php(140): pg_query(resource (pgsql link), 'SELECT *
FROM "pemeriksaan"
LEFT JOIN "pasien" ON "pasien"."pasienId" ="pemeriksaan"."pemeriksaanPasienId"
LEFT JOIN "poli" ON "poli"."poliId" ="pemeriksaan"."pemeriksaanPoliId"
WHERE "pasien"."nik" = \'1271180208910004\'')
 3 SYSTEMPATH/Database/BaseConnection.php(693): CodeIgniter\Database\Postgre\Connection->execute('SELECT *
FROM "pemeriksaan"
LEFT JOIN "pasien" ON "pasien"."pasienId" ="pemeriksaan"."pemeriksaanPasienId"
LEFT JOIN "poli" ON "poli"."poliId" ="pemeriksaan"."pemeriksaanPoliId"
WHERE "pasien"."nik" = \'1271180208910004\'')
 4 SYSTEMPATH/Database/BaseConnection.php(620): CodeIgniter\Database\BaseConnection->simpleQuery('SELECT *
FROM "pemeriksaan"
LEFT JOIN "pasien" ON "pasien"."pasienId" ="pemeriksaan"."pemeriksaanPasienId"
LEFT JOIN "poli" ON "poli"."poliId" ="pemeriksaan"."pemeriksaanPoliId"
WHERE "pasien"."nik" = \'1271180208910004\'')
 5 SYSTEMPATH/Database/BaseBuilder.php(1585): CodeIgniter\Database\BaseConnection->query('SELECT *
FROM "pemeriksaan"
LEFT JOIN "pasien" ON "pasien"."pasienId" ="pemeriksaan"."pemeriksaanPasienId"
LEFT JOIN "poli" ON "poli"."poliId" ="pemeriksaan"."pemeriksaanPoliId"
WHERE "pasien"."nik" = :pasien.nik:', [...], false)
 6 SYSTEMPATH/Model.php(772): CodeIgniter\Database\BaseBuilder->get()
 7 ROOTPATH/modules/Pemeriksaan/Models/PemeriksaanModel.php(26): CodeIgniter\Model->__call('get', [])
 8 ROOTPATH/modules/Pendaftaran/Controllers/Pendaftaran.php(38): Modules\Pemeriksaan\Models\PemeriksaanModel->getById([...])
 9 SYSTEMPATH/CodeIgniter.php(907): Modules\Pendaftaran\Controllers\Pendaftaran->index()
10 SYSTEMPATH/CodeIgniter.php(457): CodeIgniter\CodeIgniter->runController(Object(Modules\Pendaftaran\Controllers\Pendaftaran))
11 SYSTEMPATH/CodeIgniter.php(340): CodeIgniter\CodeIgniter->handleRequest(null, Object(Config\Cache), false)
12 FCPATH/index.php(67): CodeIgniter\CodeIgniter->run()
13 SYSTEMPATH/Commands/Server/rewrite.php(43): require_once('FCPATH/index.php')
CRITICAL - 2022-09-20 16:36:35 --> count(): Parameter must be an array or an object that implements Countable
in ROOTPATH/modules/Pendaftaran/Views/pendaftaran.php on line 93.
 1 ROOTPATH/modules/Pendaftaran/Views/pendaftaran.php(93): CodeIgniter\Debug\Exceptions->errorHandler(2, 'count(): Parameter must be an array or an object that implements Countable', 'ROOTPATH/modules/Pendaftaran/Views/pendaftaran.php', 93, [...])
 2 SYSTEMPATH/View/View.php(213): include('ROOTPATH/modules/Pendaftaran/Views/pendaftaran.php')
 3 SYSTEMPATH/View/View.php(216): CodeIgniter\View\View->CodeIgniter\View\{closure}()
 4 SYSTEMPATH/Common.php(1142): CodeIgniter\View\View->render('Modules\\Pendaftaran\\Views\\pendaftaran', [], true)
 5 ROOTPATH/modules/Pendaftaran/Controllers/Pendaftaran.php(41): view('Modules\\Pendaftaran\\Views\\pendaftaran', [...])
 6 SYSTEMPATH/CodeIgniter.php(907): Modules\Pendaftaran\Controllers\Pendaftaran->index()
 7 SYSTEMPATH/CodeIgniter.php(457): CodeIgniter\CodeIgniter->runController(Object(Modules\Pendaftaran\Controllers\Pendaftaran))
 8 SYSTEMPATH/CodeIgniter.php(340): CodeIgniter\CodeIgniter->handleRequest(null, Object(Config\Cache), false)
 9 FCPATH/index.php(67): CodeIgniter\CodeIgniter->run()
10 SYSTEMPATH/Commands/Server/rewrite.php(43): require_once('FCPATH/index.php')
CRITICAL - 2022-09-20 16:36:59 --> Call to undefined method CodeIgniter\Database\Postgre\Result::findAll()
in ROOTPATH/modules/Pendaftaran/Controllers/Pendaftaran.php on line 38.
 1 SYSTEMPATH/CodeIgniter.php(907): Modules\Pendaftaran\Controllers\Pendaftaran->index()
 2 SYSTEMPATH/CodeIgniter.php(457): CodeIgniter\CodeIgniter->runController(Object(Modules\Pendaftaran\Controllers\Pendaftaran))
 3 SYSTEMPATH/CodeIgniter.php(340): CodeIgniter\CodeIgniter->handleRequest(null, Object(Config\Cache), false)
 4 FCPATH/index.php(67): CodeIgniter\CodeIgniter->run()
 5 SYSTEMPATH/Commands/Server/rewrite.php(43): require_once('FCPATH/index.php')
ERROR - 2022-09-20 16:41:08 --> ErrorException: pg_query(): Query failed: ERROR:  column penempatan.penempatanPoliId does not exist
LINE 5: LEFT JOIN &quot;poli&quot; ON &quot;poli&quot;.&quot;poliId&quot; = &quot;penempatan&quot;.&quot;penempat...
                                              ^ in /Users/ivan/Codeigniter/klinik/vendor/codeigniter4/framework/system/Database/Postgre/Connection.php:140
Stack trace:
#0 [internal function]: CodeIgniter\Debug\Exceptions->errorHandler(2, 'pg_query(): Que...', '/Users/ivan/Cod...', 140, Array)
#1 /Users/ivan/Codeigniter/klinik/vendor/codeigniter4/framework/system/Database/Postgre/Connection.php(140): pg_query(Resource id #18, 'SELECT *\nFROM "...')
#2 /Users/ivan/Codeigniter/klinik/vendor/codeigniter4/framework/system/Database/BaseConnection.php(693): CodeIgniter\Database\Postgre\Connection->execute('SELECT *\nFROM "...')
#3 /Users/ivan/Codeigniter/klinik/vendor/codeigniter4/framework/system/Database/BaseConnection.php(620): CodeIgniter\Database\BaseConnection->simpleQuery('SELECT *\nFROM "...')
#4 /Users/ivan/Codeigniter/klinik/vendor/codeigniter4/framework/system/Database/BaseBuilder.php(1585): CodeIgniter\Database\BaseConnection->query('SELECT *\nFROM "...', Array, false)
#5 /Users/ivan/Codeigniter/klinik/vendor/codeigniter4/framework/system/Model.php(223): CodeIgniter\Database\BaseBuilder->get()
#6 /Users/ivan/Codeigniter/klinik/vendor/codeigniter4/framework/system/BaseModel.php(584): CodeIgniter\Model->doFindAll(0, 0)
#7 /Users/ivan/Codeigniter/klinik/modules/Pendaftaran/Controllers/Pendaftaran.php(38): CodeIgniter\BaseModel->findAll()
#8 /Users/ivan/Codeigniter/klinik/vendor/codeigniter4/framework/system/CodeIgniter.php(907): Modules\Pendaftaran\Controllers\Pendaftaran->index()
#9 /Users/ivan/Codeigniter/klinik/vendor/codeigniter4/framework/system/CodeIgniter.php(457): CodeIgniter\CodeIgniter->runController(Object(Modules\Pendaftaran\Controllers\Pendaftaran))
#10 /Users/ivan/Codeigniter/klinik/vendor/codeigniter4/framework/system/CodeIgniter.php(340): CodeIgniter\CodeIgniter->handleRequest(NULL, Object(Config\Cache), false)
#11 /Users/ivan/Codeigniter/klinik/public/index.php(67): CodeIgniter\CodeIgniter->run()
#12 /Users/ivan/Codeigniter/klinik/vendor/codeigniter4/framework/system/Commands/Server/rewrite.php(43): require_once('/Users/ivan/Cod...')
#13 {main}
CRITICAL - 2022-09-20 16:41:08 --> pg_query(): Query failed: ERROR:  column penempatan.penempatanPoliId does not exist
LINE 5: LEFT JOIN &quot;poli&quot; ON &quot;poli&quot;.&quot;poliId&quot; = &quot;penempatan&quot;.&quot;penempat...
                                              ^
in SYSTEMPATH/Database/Postgre/Connection.php on line 140.
 1 [internal function]: CodeIgniter\Debug\Exceptions->errorHandler(2, 'pg_query(): Query failed: ERROR:  column penempatan.penempatanPoliId does not exist
LINE 5: LEFT JOIN &quot;poli&quot; ON &quot;poli&quot;.&quot;poliId&quot; = &quot;penempatan&quot;.&quot;penempat...
                                              ^', 'SYSTEMPATH/Database/Postgre/Connection.php', 140, [...])
 2 SYSTEMPATH/Database/Postgre/Connection.php(140): pg_query(resource (pgsql link), 'SELECT *
FROM "pemeriksaan"
LEFT JOIN "pasien" ON "pasien"."pasienId" ="pemeriksaan"."pemeriksaanPasienId"
LEFT JOIN "penempatan" ON "penempatan"."penempatanId" ="pemeriksaan"."pameriksaanPoliId"
LEFT JOIN "poli" ON "poli"."poliId" = "penempatan"."penempatanPoliId"
WHERE "pasien"."nik" = \'1271180208910004\'
AND "pemeriksaan"."pemeriksaanDeletedDate" IS NULL')
 3 SYSTEMPATH/Database/BaseConnection.php(693): CodeIgniter\Database\Postgre\Connection->execute('SELECT *
FROM "pemeriksaan"
LEFT JOIN "pasien" ON "pasien"."pasienId" ="pemeriksaan"."pemeriksaanPasienId"
LEFT JOIN "penempatan" ON "penempatan"."penempatanId" ="pemeriksaan"."pameriksaanPoliId"
LEFT JOIN "poli" ON "poli"."poliId" = "penempatan"."penempatanPoliId"
WHERE "pasien"."nik" = \'1271180208910004\'
AND "pemeriksaan"."pemeriksaanDeletedDate" IS NULL')
 4 SYSTEMPATH/Database/BaseConnection.php(620): CodeIgniter\Database\BaseConnection->simpleQuery('SELECT *
FROM "pemeriksaan"
LEFT JOIN "pasien" ON "pasien"."pasienId" ="pemeriksaan"."pemeriksaanPasienId"
LEFT JOIN "penempatan" ON "penempatan"."penempatanId" ="pemeriksaan"."pameriksaanPoliId"
LEFT JOIN "poli" ON "poli"."poliId" = "penempatan"."penempatanPoliId"
WHERE "pasien"."nik" = \'1271180208910004\'
AND "pemeriksaan"."pemeriksaanDeletedDate" IS NULL')
 5 SYSTEMPATH/Database/BaseBuilder.php(1585): CodeIgniter\Database\BaseConnection->query('SELECT *
FROM "pemeriksaan"
LEFT JOIN "pasien" ON "pasien"."pasienId" ="pemeriksaan"."pemeriksaanPasienId"
LEFT JOIN "penempatan" ON "penempatan"."penempatanId" ="pemeriksaan"."pameriksaanPoliId"
LEFT JOIN "poli" ON "poli"."poliId" = "penempatan"."penempatanPoliId"
WHERE "pasien"."nik" = :pasien.nik:
AND "pemeriksaan"."pemeriksaanDeletedDate" IS NULL', [...], false)
 6 SYSTEMPATH/Model.php(223): CodeIgniter\Database\BaseBuilder->get()
 7 SYSTEMPATH/BaseModel.php(584): CodeIgniter\Model->doFindAll(0, 0)
 8 ROOTPATH/modules/Pendaftaran/Controllers/Pendaftaran.php(38): CodeIgniter\BaseModel->findAll()
 9 SYSTEMPATH/CodeIgniter.php(907): Modules\Pendaftaran\Controllers\Pendaftaran->index()
10 SYSTEMPATH/CodeIgniter.php(457): CodeIgniter\CodeIgniter->runController(Object(Modules\Pendaftaran\Controllers\Pendaftaran))
11 SYSTEMPATH/CodeIgniter.php(340): CodeIgniter\CodeIgniter->handleRequest(null, Object(Config\Cache), false)
12 FCPATH/index.php(67): CodeIgniter\CodeIgniter->run()
13 SYSTEMPATH/Commands/Server/rewrite.php(43): require_once('FCPATH/index.php')
CRITICAL - 2022-09-20 16:44:26 --> Undefined property: stdClass::$pemeriksaanDiagnosa
in ROOTPATH/modules/Pendaftaran/Views/pendaftaran.php on line 98.
 1 ROOTPATH/modules/Pendaftaran/Views/pendaftaran.php(98): CodeIgniter\Debug\Exceptions->errorHandler(8, 'Undefined property: stdClass::$pemeriksaanDiagnosa', 'ROOTPATH/modules/Pendaftaran/Views/pendaftaran.php', 98, [...])
 2 SYSTEMPATH/View/View.php(213): include('ROOTPATH/modules/Pendaftaran/Views/pendaftaran.php')
 3 SYSTEMPATH/View/View.php(216): CodeIgniter\View\View->CodeIgniter\View\{closure}()
 4 SYSTEMPATH/Common.php(1142): CodeIgniter\View\View->render('Modules\\Pendaftaran\\Views\\pendaftaran', [], true)
 5 ROOTPATH/modules/Pendaftaran/Controllers/Pendaftaran.php(41): view('Modules\\Pendaftaran\\Views\\pendaftaran', [...])
 6 SYSTEMPATH/CodeIgniter.php(907): Modules\Pendaftaran\Controllers\Pendaftaran->index()
 7 SYSTEMPATH/CodeIgniter.php(457): CodeIgniter\CodeIgniter->runController(Object(Modules\Pendaftaran\Controllers\Pendaftaran))
 8 SYSTEMPATH/CodeIgniter.php(340): CodeIgniter\CodeIgniter->handleRequest(null, Object(Config\Cache), false)
 9 FCPATH/index.php(67): CodeIgniter\CodeIgniter->run()
10 SYSTEMPATH/Commands/Server/rewrite.php(43): require_once('FCPATH/index.php')
