CRITICAL - 2022-12-21 08:48:03 --> Undefined offset: 0
in APPPATH/Controllers/BaseController.php on line 60.
 1 APPPATH/Controllers/BaseController.php(60): CodeIgniter\Debug\Exceptions->errorHandler(8, 'Undefined offset: 0', 'APPPATH/Controllers/BaseController.php', 60, [])
 2 ROOTPATH/modules/Dashboard/Controllers/Dashboard.php(16): App\Controllers\BaseController->fetchMenu()
 3 SYSTEMPATH/CodeIgniter.php(907): Modules\Dashboard\Controllers\Dashboard->index()
 4 SYSTEMPATH/CodeIgniter.php(457): CodeIgniter\CodeIgniter->runController(Object(Modules\Dashboard\Controllers\Dashboard))
 5 SYSTEMPATH/CodeIgniter.php(340): CodeIgniter\CodeIgniter->handleRequest(null, Object(Config\Cache), false)
 6 FCPATH/index.php(67): CodeIgniter\CodeIgniter->run()
CRITICAL - 2022-12-21 09:41:37 --> Undefined offset: 0
in APPPATH/Controllers/BaseController.php on line 60.
 1 APPPATH/Controllers/BaseController.php(60): CodeIgniter\Debug\Exceptions->errorHandler(8, 'Undefined offset: 0', 'APPPATH/Controllers/BaseController.php', 60, [])
 2 ROOTPATH/modules/Dashboard/Controllers/Dashboard.php(16): App\Controllers\BaseController->fetchMenu()
 3 SYSTEMPATH/CodeIgniter.php(907): Modules\Dashboard\Controllers\Dashboard->index()
 4 SYSTEMPATH/CodeIgniter.php(457): CodeIgniter\CodeIgniter->runController(Object(Modules\Dashboard\Controllers\Dashboard))
 5 SYSTEMPATH/CodeIgniter.php(340): CodeIgniter\CodeIgniter->handleRequest(null, Object(Config\Cache), false)
 6 FCPATH/index.php(67): CodeIgniter\CodeIgniter->run()
CRITICAL - 2022-12-21 09:41:39 --> Undefined offset: 0
in APPPATH/Controllers/BaseController.php on line 60.
 1 APPPATH/Controllers/BaseController.php(60): CodeIgniter\Debug\Exceptions->errorHandler(8, 'Undefined offset: 0', 'APPPATH/Controllers/BaseController.php', 60, [])
 2 ROOTPATH/modules/Dashboard/Controllers/Dashboard.php(16): App\Controllers\BaseController->fetchMenu()
 3 SYSTEMPATH/CodeIgniter.php(907): Modules\Dashboard\Controllers\Dashboard->index()
 4 SYSTEMPATH/CodeIgniter.php(457): CodeIgniter\CodeIgniter->runController(Object(Modules\Dashboard\Controllers\Dashboard))
 5 SYSTEMPATH/CodeIgniter.php(340): CodeIgniter\CodeIgniter->handleRequest(null, Object(Config\Cache), false)
 6 FCPATH/index.php(67): CodeIgniter\CodeIgniter->run()
